<?xml version="1.0" encoding="UTF-8"?>
<!-- Generated by org.testng.reporters.JUnitReportReporter -->
<testsuite skipped="0" hostname="Dell-PC" name="testAPIs.LearnDependsOn" tests="3" failures="0" timestamp="22 Sep 2019 07:01:51 GMT" time="0.024" errors="0">
  <testcase name="test2" time="0.020" classname="testAPIs.LearnDependsOn"/>
  <testcase name="test3" time="0.003" classname="testAPIs.LearnDependsOn"/>
  <testcase name="test1" time="0.001" classname="testAPIs.LearnDependsOn"/>
</testsuite> <!-- testAPIs.LearnDependsOn -->
