<?xml version="1.0" encoding="UTF-8"?>
<!-- Generated by org.testng.reporters.JUnitReportReporter -->
<testsuite skipped="0" hostname="Dell-PC" name="testAPIs.CreateARecord" tests="1" failures="0" timestamp="22 Sep 2019 07:41:24 GMT" time="5.800" errors="0">
  <testcase name="test1" time="5.800" classname="testAPIs.CreateARecord"/>
</testsuite> <!-- testAPIs.CreateARecord -->
