<?xml version="1.0" encoding="UTF-8"?>
<!-- Generated by org.testng.reporters.JUnitReportReporter -->
<testsuite skipped="0" hostname="Dell-PC" name="testAPIs.LearnDataProvider" tests="3" failures="0" timestamp="22 Sep 2019 06:54:00 GMT" time="0.023" errors="0">
  <testcase name="login" time="0.017" classname="testAPIs.LearnDataProvider"/>
  <testcase name="login" time="0.003" classname="testAPIs.LearnDataProvider"/>
  <testcase name="login" time="0.003" classname="testAPIs.LearnDataProvider"/>
</testsuite> <!-- testAPIs.LearnDataProvider -->
