<?xml version="1.0" encoding="UTF-8"?>
<!-- Generated by org.testng.reporters.JUnitReportReporter -->
<testsuite skipped="0" hostname="Dell-PC" name="testAPIs.LearnGroup" tests="2" failures="0" timestamp="22 Sep 2019 07:11:07 GMT" time="0.021" errors="0">
  <testcase name="test3" time="0.002" classname="testAPIs.LearnGroup"/>
  <testcase name="test2" time="0.019" classname="testAPIs.LearnGroup"/>
</testsuite> <!-- testAPIs.LearnGroup -->
