<?xml version="1.0" encoding="UTF-8"?>
<!-- Generated by org.testng.reporters.JUnitReportReporter -->
<testsuite skipped="0" hostname="Dell-PC" name="testScript.TC_MercuryTours_Login" tests="1" failures="0" timestamp="15 Sep 2019 06:53:10 GMT" time="8.100" errors="0">
  <testcase name="Script1" time="8.100" classname="testScript.TC_MercuryTours_Login"/>
</testsuite> <!-- testScript.TC_MercuryTours_Login -->
