<?xml version="1.0" encoding="UTF-8"?>
<!-- Generated by org.testng.reporters.JUnitReportReporter -->
<testsuite skipped="0" hostname="Dell-PC" name="BasicAnnotation.M1.Scenario2" tests="3" failures="0" timestamp="01 Sep 2019 06:10:32 GMT" time="0.000" errors="0">
  <testcase name="test1" time="0.000" classname="BasicAnnotation.M1.Scenario2"/>
  <testcase name="test3" time="0.000" classname="BasicAnnotation.M1.Scenario2"/>
  <testcase name="test2" time="0.000" classname="BasicAnnotation.M1.Scenario2"/>
</testsuite> <!-- BasicAnnotation.M1.Scenario2 -->
