<?xml version="1.0" encoding="UTF-8"?>
<!-- Generated by org.testng.reporters.JUnitReportReporter -->
<testsuite skipped="0" hostname="Dell-PC" name="Youtube.DownloadFile1" tests="1" failures="0" timestamp="27 Sep 2019 11:50:12 GMT" time="67.421" errors="0">
  <testcase name="MahaOnline" time="67.421" classname="Youtube.DownloadFile1"/>
</testsuite> <!-- Youtube.DownloadFile1 -->
