<?xml version="1.0" encoding="UTF-8"?>
<!-- Generated by org.testng.reporters.JUnitReportReporter -->
<testsuite skipped="0" hostname="Dell-PC" name="com.merqury.qa.testcases.LoginPageTest" tests="3" failures="0" timestamp="11 Nov 2019 08:09:42 GMT" time="35.320" errors="0">
  <testcase name="LoginPageTitleTest" time="13.588" classname="com.merqury.qa.testcases.LoginPageTest"/>
  <testcase name="MerquryLogoTest" time="7.417" classname="com.merqury.qa.testcases.LoginPageTest"/>
  <testcase name="loginTest" time="14.315" classname="com.merqury.qa.testcases.LoginPageTest"/>
</testsuite> <!-- com.merqury.qa.testcases.LoginPageTest -->
