<?xml version="1.0" encoding="UTF-8"?>
<!-- Generated by org.testng.reporters.JUnitReportReporter -->
<testsuite skipped="0" hostname="Dell-PC" name="com.mercury.qa.testcases.LoginPageTest" tests="3" failures="0" timestamp="30 Nov 2019 14:34:28 GMT" time="29.088" errors="0">
  <testcase name="LoginPageTitleTest" time="7.342" classname="com.mercury.qa.testcases.LoginPageTest"/>
  <testcase name="MerquryLogoTest" time="7.491" classname="com.mercury.qa.testcases.LoginPageTest"/>
  <testcase name="loginTest" time="14.255" classname="com.mercury.qa.testcases.LoginPageTest"/>
</testsuite> <!-- com.mercury.qa.testcases.LoginPageTest -->
