<?xml version="1.0" encoding="UTF-8"?>
<!-- Generated by org.testng.reporters.JUnitReportReporter -->
<testsuite skipped="0" hostname="Dell-PC" name="BasicSelenium.Book1P2W" tests="1" failures="0" timestamp="20 Sep 2019 14:21:21 GMT" time="86.100" errors="0">
  <testcase name="book1" time="86.100" classname="BasicSelenium.Book1P2W"/>
</testsuite> <!-- BasicSelenium.Book1P2W -->
