<?xml version="1.0" encoding="UTF-8"?>
<!-- Generated by org.testng.reporters.JUnitReportReporter -->
<testsuite skipped="0" hostname="Dell-PC" name="BasicSelenium.Practicesel1" tests="1" failures="0" timestamp="18 Sep 2019 13:56:48 GMT" time="44.711" errors="0">
  <testcase name="Prac1" time="44.711" classname="BasicSelenium.Practicesel1"/>
</testsuite> <!-- BasicSelenium.Practicesel1 -->
