<?xml version="1.0" encoding="UTF-8"?>
<!-- Generated by org.testng.reporters.JUnitReportReporter -->
<testsuite skipped="0" hostname="Dell-PC" name="BasicSelenium.Book2P1W" tests="1" failures="0" timestamp="20 Sep 2019 14:17:11 GMT" time="88.238" errors="0">
  <testcase name="book2" time="88.238" classname="BasicSelenium.Book2P1W"/>
</testsuite> <!-- BasicSelenium.Book2P1W -->
