<?xml version="1.0" encoding="UTF-8"?>
<!-- Generated by org.testng.reporters.JUnitReportReporter -->
<testsuite skipped="0" hostname="Dell-PC" name="BasicSelenium.HandleIframe" tests="1" failures="0" timestamp="14 Sep 2019 06:25:06 GMT" time="23.057" errors="0">
  <testcase name="test1" time="23.057" classname="BasicSelenium.HandleIframe"/>
</testsuite> <!-- BasicSelenium.HandleIframe -->
