<?xml version="1.0" encoding="UTF-8"?>
<!-- Generated by org.testng.reporters.JUnitReportReporter -->
<testsuite skipped="0" hostname="Dell-PC" name="BasicSelenium.Book1W1PCIndia" tests="1" failures="0" timestamp="20 Sep 2019 15:34:52 GMT" time="153.018" errors="0">
  <testcase name="book1" time="153.018" classname="BasicSelenium.Book1W1PCIndia"/>
</testsuite> <!-- BasicSelenium.Book1W1PCIndia -->
