<?xml version="1.0" encoding="UTF-8"?>
<!-- Generated by org.testng.reporters.JUnitReportReporter -->
<testsuite skipped="0" hostname="Dell-PC" name="BasicSelenium.Flipkart1" tests="1" failures="0" timestamp="14 Sep 2019 05:39:35 GMT" time="24.381" errors="0">
  <testcase name="test2" time="24.381" classname="BasicSelenium.Flipkart1"/>
</testsuite> <!-- BasicSelenium.Flipkart1 -->
