<?xml version="1.0" encoding="UTF-8"?>
<!-- Generated by org.testng.reporters.JUnitReportReporter -->
<testsuite skipped="0" hostname="Dell-PC" name="BasicSelenium.Prac3" tests="1" failures="0" timestamp="19 Sep 2019 17:45:46 GMT" time="89.038" errors="0">
  <testcase name="test1" time="89.038" classname="BasicSelenium.Prac3"/>
</testsuite> <!-- BasicSelenium.Prac3 -->
