<?xml version="1.0" encoding="UTF-8"?>
<!-- Generated by org.testng.reporters.JUnitReportReporter -->
<testsuite skipped="0" hostname="Dell-PC" name="BasicSelenium.SeleniumClass2" tests="1" failures="0" timestamp="14 Sep 2019 03:25:51 GMT" time="27.077" errors="0">
  <testcase name="test1" time="27.077" classname="BasicSelenium.SeleniumClass2"/>
</testsuite> <!-- BasicSelenium.SeleniumClass2 -->
