<?xml version="1.0" encoding="UTF-8"?>
<!-- Generated by org.testng.reporters.JUnitReportReporter -->
<testsuite skipped="0" hostname="Dell-PC" name="BasicSelenium.SeleniumClass1" tests="1" failures="0" timestamp="07 Sep 2019 03:10:33 GMT" time="77.884" errors="0">
  <testcase name="test1" time="77.884" classname="BasicSelenium.SeleniumClass1"/>
</testsuite> <!-- BasicSelenium.SeleniumClass1 -->
