<?xml version="1.0" encoding="UTF-8"?>
<!-- Generated by org.testng.reporters.JUnitReportReporter -->
<testsuite skipped="0" hostname="Dell-PC" name="BasicSelenium.LogWMU" tests="1" failures="0" timestamp="20 Sep 2019 14:46:39 GMT" time="27.684" errors="0">
  <testcase name="book1" time="27.684" classname="BasicSelenium.LogWMU"/>
</testsuite> <!-- BasicSelenium.LogWMU -->
