<?xml version="1.0" encoding="UTF-8"?>
<!-- Generated by org.testng.reporters.JUnitReportReporter -->
<testsuite skipped="0" hostname="Dell-PC" name="BasicSelenium.Book1P1W" tests="1" failures="0" timestamp="20 Sep 2019 13:05:44 GMT" time="31.354" errors="0">
  <testcase name="book1" time="31.354" classname="BasicSelenium.Book1P1W"/>
</testsuite> <!-- BasicSelenium.Book1P1W -->
