<?xml version="1.0" encoding="UTF-8"?>
<!-- Generated by org.testng.reporters.JUnitReportReporter -->
<testsuite skipped="0" hostname="Dell-PC" name="BasicSelenium.SeleniumClass2" tests="1" failures="0" timestamp="09 Nov 2019 11:15:40 GMT" time="23.557" errors="0">
  <testcase name="test1" time="23.557" classname="BasicSelenium.SeleniumClass2"/>
</testsuite> <!-- BasicSelenium.SeleniumClass2 -->
